Unity Editor version:    2020.3.25f1 (9b9180224418)
Branch:                  2020.3/staging
Build type:              Release
Batch mode:              YES
macOS version:           Version 12.0.1 (Build 21A559)
Darwin version:          21.1.0
Architecture:            x86_64
Running under Rosetta:   YES
Available memory:        16384 MB
Using pre-set license
Pro License: NO

COMMAND LINE ARGUMENTS:
/Applications/Unity/Hub/Editor/2020.3.25f1/Unity.app/Contents/MacOS/Unity
-adb2
-batchMode
-noUpm
-name
AssetImportWorker0
-projectPath
/Users/mel/Desktop/unity[游戏1]/W2_RPG_game
-logFile
Logs/AssetImportWorker0.log
-srvPort
50443
Successfully changed project path to: /Users/mel/Desktop/unity[游戏1]/W2_RPG_game
/Users/mel/Desktop/unity[游戏1]/W2_RPG_game
Using Asset Import Pipeline V2.
Refreshing native plugins compatible for Editor in 46.51 ms, found 3 plugins.
Preloading 0 native plugins for Editor in 0.00 ms.
Initialize engine version: 2020.3.25f1 (9b9180224418)
[Subsystems] Discovering subsystems at path /Applications/Unity/Hub/Editor/2020.3.25f1/Unity.app/Contents/Resources/UnitySubsystems
[Subsystems] Discovering subsystems at path /Users/mel/Desktop/unity[游戏1]/W2_RPG_game/Assets
GfxDevice: creating device client; threaded=0
2022-09-12 14:54:10.879 Unity[1855:57790] (null) preferred device: Apple M1 Pro (high power)
2022-09-12 14:54:10.879 Unity[1855:57790] Metal devices available: 1
2022-09-12 14:54:10.879 Unity[1855:57790] 0: Apple M1 Pro (high power)
2022-09-12 14:54:10.880 Unity[1855:57790] Using device Apple M1 Pro (high power)
Initializing Metal device caps: Apple M1 Pro
Initialize mono
Mono path[0] = '/Applications/Unity/Hub/Editor/2020.3.25f1/Unity.app/Contents/Managed'
Mono path[1] = '/Applications/Unity/Hub/Editor/2020.3.25f1/Unity.app/Contents/MonoBleedingEdge/lib/mono/unityjit'
Mono config path = '/Applications/Unity/Hub/Editor/2020.3.25f1/Unity.app/Contents/MonoBleedingEdge/etc'
Using monoOptions --debugger-agent=transport=dt_socket,embedding=1,server=y,suspend=n,address=127.0.0.1:56855
Begin MonoManager ReloadAssembly
Registering precompiled unity dll's ...
Register platform support module: /Applications/Unity/Hub/Editor/2020.3.25f1/PlaybackEngines/WebGLSupport/UnityEditor.WebGL.Extensions.dll
Register platform support module: /Applications/Unity/Hub/Editor/2020.3.25f1/Unity.app/Contents/PlaybackEngines/MacStandaloneSupport/UnityEditor.OSXStandalone.Extensions.dll
Registered in 0.000484 seconds.
Native extension for OSXStandalone target not found
Native extension for WebGL target not found
Refreshing native plugins compatible for Editor in 56.43 ms, found 3 plugins.
Preloading 0 native plugins for Editor in 0.00 ms.
Mono: successfully reloaded assembly
- Completed reload, in  1.246 seconds
Domain Reload Profiling:
	ReloadAssembly (1247ms)
		BeginReloadAssembly (84ms)
			ExecutionOrderSort (0ms)
			DisableScriptedObjects (0ms)
			BackupInstance (0ms)
			ReleaseScriptingObjects (0ms)
			CreateAndSetChildDomain (2ms)
		EndReloadAssembly (1045ms)
			LoadAssemblies (82ms)
			RebuildTransferFunctionScriptingTraits (0ms)
			SetupTypeCache (168ms)
			ReleaseScriptCaches (0ms)
			RebuildScriptCaches (40ms)
			SetupLoadedEditorAssemblies (551ms)
				LogAssemblyErrors (0ms)
				InitializePlatformSupportModulesInManaged (17ms)
				SetLoadedEditorAssemblies (1ms)
				RefreshPlugins (56ms)
				BeforeProcessingInitializeOnLoad (33ms)
				ProcessInitializeOnLoadAttributes (336ms)
				ProcessInitializeOnLoadMethodAttributes (107ms)
				AfterProcessingInitializeOnLoad (0ms)
				EditorAssembliesLoaded (1ms)
			ExecutionOrderSort2 (0ms)
			AwakeInstancesAfterBackupRestoration (0ms)
Platform modules already initialized, skipping
Registering precompiled user dll's ...
Registered in 0.001377 seconds.
Begin MonoManager ReloadAssembly
Native extension for OSXStandalone target not found
Native extension for WebGL target not found
Refreshing native plugins compatible for Editor in 53.44 ms, found 3 plugins.
Preloading 0 native plugins for Editor in 0.00 ms.
Mono: successfully reloaded assembly
- Completed reload, in  2.320 seconds
Domain Reload Profiling:
	ReloadAssembly (2322ms)
		BeginReloadAssembly (252ms)
			ExecutionOrderSort (0ms)
			DisableScriptedObjects (32ms)
			BackupInstance (0ms)
			ReleaseScriptingObjects (0ms)
			CreateAndSetChildDomain (31ms)
		EndReloadAssembly (1980ms)
			LoadAssemblies (189ms)
			RebuildTransferFunctionScriptingTraits (0ms)
			SetupTypeCache (378ms)
			ReleaseScriptCaches (1ms)
			RebuildScriptCaches (69ms)
			SetupLoadedEditorAssemblies (1036ms)
				LogAssemblyErrors (0ms)
				InitializePlatformSupportModulesInManaged (13ms)
				SetLoadedEditorAssemblies (0ms)
				RefreshPlugins (53ms)
				BeforeProcessingInitializeOnLoad (172ms)
				ProcessInitializeOnLoadAttributes (752ms)
				ProcessInitializeOnLoadMethodAttributes (44ms)
				AfterProcessingInitializeOnLoad (1ms)
				EditorAssembliesLoaded (0ms)
			ExecutionOrderSort2 (0ms)
			AwakeInstancesAfterBackupRestoration (30ms)
Platform modules already initialized, skipping
Validating Project structure ... 0.015428 seconds.
Shader import version has changed; will reimport all shaders...
Upgrading shader files ...0.023398 seconds.
Application.AssetDatabase Initial Script Refresh Start
RefreshInfo: InitialScriptRefreshV2(NoUpdateAssetOptions) scanfilter:  ... 1 filters
RefreshProfiler: Total: 0.000ms
Application.AssetDatabase Initial Script Refresh End
Application.AssetDatabase.Refresh Start
Application.AssetDatabase.Refresh End
RefreshInfo: StopAssetImportingV2(ForceSynchronousImport) scanfilter: 
RefreshProfiler: Total: 0.000ms
Launching external process: /Applications/Unity/Hub/Editor/2020.3.25f1/Unity.app/Contents/Tools/UnityShaderCompiler
Launched and connected shader compiler UnityShaderCompiler after 0.02 seconds
Initializing Unity extensions:
2022-09-12 14:54:15.594 Unity[1855:57790] NSEventModifierFlagFunction specified to -setKeyEquivalentModifierMask: for item <NSMenuItem: 0x600003f00620 Font Asset, ke='Command-F12'>, but is only supported for system-provided menu items; will not be used
2022-09-12 14:54:15.598 Unity[1855:57790] NSEventModifierFlagFunction specified to -setKeyEquivalentModifierMask: for item <NSMenuItem: 0x600003f153b0 Font Asset, ke='Command-F12'>, but is only supported for system-provided menu items; will not be used
========================================================================
Worker process is ready to serve import requests
Refreshing native plugins compatible for Editor in 0.37 ms, found 3 plugins.
Preloading 0 native plugins for Editor in 0.00 ms.
Unloading 2944 Unused Serialized files (Serialized files now loaded: 0)
System memory in use before: 256.3 MB.
System memory in use after: 255.6 MB.

Unloading 423 unused Assets to reduce memory usage. Loaded Objects now: 3420.
Total: 2.800167 ms (FindLiveObjects: 0.140875 ms CreateObjectMapping: 0.066667 ms MarkObjects: 2.112959 ms  DeleteObjects: 0.476583 ms)

AssetImportParameters requested are different than current active one (requested -> active):
  custom:video-decoder-ogg-theora: a1e56fd34408186e4bbccfd4996cb3dc -> 
  custom:container-muxer-webm: aa71ff27fc2769a1b78a27578f13a17b -> 
  custom:container-demuxer-webm: 4f35f7cbe854078d1ac9338744f61a02 -> 
  custom:container-demuxer-ogg: 62fdf1f143b41e24485cea50d1cbac27 -> 
  custom:video-encoder-webm-vp8: eb34c28f22e8b96e1ab97ce403110664 -> 
  custom:framework-osx-AVFoundation: e770b220cccbd017edd2c1fefb359320 -> 
  custom:video-decoder-webm-vp8: 9c59270c3fd7afecdb556c50c9e8de78 -> 
  custom:audio-decoder-ogg-vorbis: bf7c407c2cedff20999df2af8eb42d56 -> 
  custom:audio-encoder-webm-vorbis: bf7c407c2cedff20999df2af8eb42d56 -> 
========================================================================
Received Import Request.
  path: Assets/Scenes/scene.unity
  artifactKey: Guid(2cda990e2423bbf4892e6590ba056729) Importer(815301076,1909f56bfc062723c751e8b465ee728b)
Start importing Assets/Scenes/scene.unity using Guid(2cda990e2423bbf4892e6590ba056729) Importer(815301076,1909f56bfc062723c751e8b465ee728b)  -> (artifact id: '90c7afae98ba5517ba9b96dee6b356ff') in 0.020204 seconds 
  Import took 0.024140 seconds .

========================================================================
Received Import Request.
  Time since last request: 27.470845 seconds.
  path: Assets/Scenes/door.unity
  artifactKey: Guid(858fe1e123b204bb3800bf5b9e1b08ff) Importer(815301076,1909f56bfc062723c751e8b465ee728b)
Start importing Assets/Scenes/door.unity using Guid(858fe1e123b204bb3800bf5b9e1b08ff) Importer(815301076,1909f56bfc062723c751e8b465ee728b)  -> (artifact id: '4b9decd6648f228bd866a1126b3f70ca') in 0.001236 seconds 
  Import took 0.004627 seconds .

========================================================================
Received Prepare
Registering precompiled user dll's ...
Registered in 0.002550 seconds.
Begin MonoManager ReloadAssembly
Native extension for OSXStandalone target not found
Native extension for WebGL target not found
Refreshing native plugins compatible for Editor in 0.52 ms, found 3 plugins.
Preloading 0 native plugins for Editor in 0.00 ms.
2022-09-12 14:57:37.397 Unity[1855:57790] NSEventModifierFlagFunction specified to -setKeyEquivalentModifierMask: for item <NSMenuItem: 0x600003fe6df0 Font Asset, ke='Command-F12'>, but is only supported for system-provided menu items; will not be used
Mono: successfully reloaded assembly
- Completed reload, in  2.407 seconds
Domain Reload Profiling:
	ReloadAssembly (2408ms)
		BeginReloadAssembly (215ms)
			ExecutionOrderSort (0ms)
			DisableScriptedObjects (37ms)
			BackupInstance (0ms)
			ReleaseScriptingObjects (0ms)
			CreateAndSetChildDomain (65ms)
		EndReloadAssembly (2098ms)
			LoadAssemblies (196ms)
			RebuildTransferFunctionScriptingTraits (0ms)
			SetupTypeCache (377ms)
			ReleaseScriptCaches (1ms)
			RebuildScriptCaches (55ms)
			SetupLoadedEditorAssemblies (1124ms)
				LogAssemblyErrors (0ms)
				InitializePlatformSupportModulesInManaged (17ms)
				SetLoadedEditorAssemblies (2ms)
				RefreshPlugins (1ms)
				BeforeProcessingInitializeOnLoad (247ms)
				ProcessInitializeOnLoadAttributes (821ms)
				ProcessInitializeOnLoadMethodAttributes (35ms)
				AfterProcessingInitializeOnLoad (2ms)
				EditorAssembliesLoaded (0ms)
			ExecutionOrderSort2 (0ms)
			AwakeInstancesAfterBackupRestoration (39ms)
Platform modules already initialized, skipping
Refreshing native plugins compatible for Editor in 0.40 ms, found 3 plugins.
Preloading 0 native plugins for Editor in 0.00 ms.
Unloading 2947 Unused Serialized files (Serialized files now loaded: 0)
System memory in use before: 254.0 MB.
System memory in use after: 254.2 MB.

Unloading 18 unused Assets to reduce memory usage. Loaded Objects now: 3449.
Total: 2.230875 ms (FindLiveObjects: 0.104750 ms CreateObjectMapping: 0.059292 ms MarkObjects: 2.036334 ms  DeleteObjects: 0.029584 ms)

AssetImportParameters requested are different than current active one (requested -> active):
  custom:video-decoder-ogg-theora: a1e56fd34408186e4bbccfd4996cb3dc -> 
  custom:container-muxer-webm: aa71ff27fc2769a1b78a27578f13a17b -> 
  custom:container-demuxer-webm: 4f35f7cbe854078d1ac9338744f61a02 -> 
  custom:container-demuxer-ogg: 62fdf1f143b41e24485cea50d1cbac27 -> 
  custom:video-encoder-webm-vp8: eb34c28f22e8b96e1ab97ce403110664 -> 
  custom:framework-osx-AVFoundation: e770b220cccbd017edd2c1fefb359320 -> 
  custom:video-decoder-webm-vp8: 9c59270c3fd7afecdb556c50c9e8de78 -> 
  custom:audio-decoder-ogg-vorbis: bf7c407c2cedff20999df2af8eb42d56 -> 
  custom:audio-encoder-webm-vorbis: bf7c407c2cedff20999df2af8eb42d56 -> 
========================================================================
Received Import Request.
  Time since last request: 193.221118 seconds.
  path: Assets/Free Orchestral Music Pack/Aspiration Woods (Area Theme).wav
  artifactKey: Guid(5b59cce20f4d42a48b3069957f936fe4) Importer(815301076,1909f56bfc062723c751e8b465ee728b)
Start importing Assets/Free Orchestral Music Pack/Aspiration Woods (Area Theme).wav using Guid(5b59cce20f4d42a48b3069957f936fe4) Importer(815301076,1909f56bfc062723c751e8b465ee728b)  -> (artifact id: 'bcad3c75bb1bea839c12887e1fe86206') in 0.719760 seconds 
  Import took 0.728160 seconds .

========================================================================
Received Import Request.
  Time since last request: 0.000262 seconds.
  path: Assets/Free Orchestral Music Pack/Final Struggle (Boss Theme).wav
  artifactKey: Guid(14a1cf915de1c2448b200ab123c01445) Importer(815301076,1909f56bfc062723c751e8b465ee728b)
Start importing Assets/Free Orchestral Music Pack/Final Struggle (Boss Theme).wav using Guid(14a1cf915de1c2448b200ab123c01445) Importer(815301076,1909f56bfc062723c751e8b465ee728b)  -> (artifact id: '4ff47201752185c491217da62bd31e49') in 0.010232 seconds 
  Import took 0.013610 seconds .

========================================================================
Received Import Request.
  Time since last request: 0.000283 seconds.
  path: Assets/Free Orchestral Music Pack/Lost Kingdom (Piano Menu).wav
  artifactKey: Guid(d9e280ca0b9d3ad4f83da6d4defd2c91) Importer(815301076,1909f56bfc062723c751e8b465ee728b)
Start importing Assets/Free Orchestral Music Pack/Lost Kingdom (Piano Menu).wav using Guid(d9e280ca0b9d3ad4f83da6d4defd2c91) Importer(815301076,1909f56bfc062723c751e8b465ee728b)  -> (artifact id: '562115326c58633e36314416ebbc6029') in 0.006575 seconds 
  Import took 0.010387 seconds .

========================================================================
Received Import Request.
  Time since last request: 48.325274 seconds.
  path: Assets/script
  artifactKey: Guid(eb7f03982c4ad47dbb13cdc88c2c22f6) Importer(815301076,1909f56bfc062723c751e8b465ee728b)
Start importing Assets/script using Guid(eb7f03982c4ad47dbb13cdc88c2c22f6) Importer(815301076,1909f56bfc062723c751e8b465ee728b)  -> (artifact id: '3f42e29ccabec813fe5460aeaf08e6a2') in 0.001046 seconds 
  Import took 0.004540 seconds .

========================================================================
Received Prepare
Registering precompiled user dll's ...
Registered in 0.002689 seconds.
Begin MonoManager ReloadAssembly
Native extension for OSXStandalone target not found
Native extension for WebGL target not found
Refreshing native plugins compatible for Editor in 0.53 ms, found 3 plugins.
Preloading 0 native plugins for Editor in 0.00 ms.
2022-09-12 14:59:02.824 Unity[1855:57790] NSEventModifierFlagFunction specified to -setKeyEquivalentModifierMask: for item <NSMenuItem: 0x600003fe75d0 Font Asset, ke='Command-F12'>, but is only supported for system-provided menu items; will not be used
Mono: successfully reloaded assembly
- Completed reload, in  2.346 seconds
Domain Reload Profiling:
	ReloadAssembly (2347ms)
		BeginReloadAssembly (216ms)
			ExecutionOrderSort (0ms)
			DisableScriptedObjects (38ms)
			BackupInstance (0ms)
			ReleaseScriptingObjects (0ms)
			CreateAndSetChildDomain (69ms)
		EndReloadAssembly (2039ms)
			LoadAssemblies (190ms)
			RebuildTransferFunctionScriptingTraits (0ms)
			SetupTypeCache (371ms)
			ReleaseScriptCaches (1ms)
			RebuildScriptCaches (54ms)
			SetupLoadedEditorAssemblies (1090ms)
				LogAssemblyErrors (0ms)
				InitializePlatformSupportModulesInManaged (15ms)
				SetLoadedEditorAssemblies (2ms)
				RefreshPlugins (1ms)
				BeforeProcessingInitializeOnLoad (242ms)
				ProcessInitializeOnLoadAttributes (792ms)
				ProcessInitializeOnLoadMethodAttributes (38ms)
				AfterProcessingInitializeOnLoad (1ms)
				EditorAssembliesLoaded (0ms)
			ExecutionOrderSort2 (0ms)
			AwakeInstancesAfterBackupRestoration (44ms)
Platform modules already initialized, skipping
Script is not up to date after domain reload: guid(c950e448fdee147149f401af221734ba) path("Assets/script/NewBehaviourScript.cs") state(2)
Refreshing native plugins compatible for Editor in 0.52 ms, found 3 plugins.
Preloading 0 native plugins for Editor in 0.00 ms.
Unloading 2921 Unused Serialized files (Serialized files now loaded: 0)
System memory in use before: 257.8 MB.
System memory in use after: 258.0 MB.

Unloading 17 unused Assets to reduce memory usage. Loaded Objects now: 3459.
Total: 2.455458 ms (FindLiveObjects: 0.126666 ms CreateObjectMapping: 0.065750 ms MarkObjects: 2.245042 ms  DeleteObjects: 0.017042 ms)

AssetImportParameters requested are different than current active one (requested -> active):
  custom:video-decoder-ogg-theora: a1e56fd34408186e4bbccfd4996cb3dc -> 
  custom:container-muxer-webm: aa71ff27fc2769a1b78a27578f13a17b -> 
  custom:container-demuxer-webm: 4f35f7cbe854078d1ac9338744f61a02 -> 
  custom:container-demuxer-ogg: 62fdf1f143b41e24485cea50d1cbac27 -> 
  custom:video-encoder-webm-vp8: eb34c28f22e8b96e1ab97ce403110664 -> 
  custom:framework-osx-AVFoundation: e770b220cccbd017edd2c1fefb359320 -> 
  custom:video-decoder-webm-vp8: 9c59270c3fd7afecdb556c50c9e8de78 -> 
  custom:audio-decoder-ogg-vorbis: bf7c407c2cedff20999df2af8eb42d56 -> 
  custom:audio-encoder-webm-vorbis: bf7c407c2cedff20999df2af8eb42d56 -> 
========================================================================
Received Import Request.
  Time since last request: 18.596173 seconds.
  path: Assets/script/NewBehaviourScript.cs
  artifactKey: Guid(c950e448fdee147149f401af221734ba) Importer(815301076,1909f56bfc062723c751e8b465ee728b)
Start importing Assets/script/NewBehaviourScript.cs using Guid(c950e448fdee147149f401af221734ba) Importer(815301076,1909f56bfc062723c751e8b465ee728b)  -> (artifact id: 'f06f0a12e40eb831552843ef42b8306b') in 0.131767 seconds 
  Import took 0.137105 seconds .

========================================================================
Received Prepare
Registering precompiled user dll's ...
Registered in 0.002679 seconds.
Begin MonoManager ReloadAssembly
Native extension for OSXStandalone target not found
Native extension for WebGL target not found
Refreshing native plugins compatible for Editor in 0.54 ms, found 3 plugins.
Preloading 0 native plugins for Editor in 0.00 ms.
2022-09-12 14:59:12.484 Unity[1855:57790] NSEventModifierFlagFunction specified to -setKeyEquivalentModifierMask: for item <NSMenuItem: 0x600003fe6760 Font Asset, ke='Command-F12'>, but is only supported for system-provided menu items; will not be used
Mono: successfully reloaded assembly
- Completed reload, in  2.294 seconds
Domain Reload Profiling:
	ReloadAssembly (2295ms)
		BeginReloadAssembly (217ms)
			ExecutionOrderSort (0ms)
			DisableScriptedObjects (38ms)
			BackupInstance (0ms)
			ReleaseScriptingObjects (0ms)
			CreateAndSetChildDomain (69ms)
		EndReloadAssembly (1987ms)
			LoadAssemblies (189ms)
			RebuildTransferFunctionScriptingTraits (0ms)
			SetupTypeCache (371ms)
			ReleaseScriptCaches (1ms)
			RebuildScriptCaches (52ms)
			SetupLoadedEditorAssemblies (1049ms)
				LogAssemblyErrors (0ms)
				InitializePlatformSupportModulesInManaged (16ms)
				SetLoadedEditorAssemblies (2ms)
				RefreshPlugins (1ms)
				BeforeProcessingInitializeOnLoad (246ms)
				ProcessInitializeOnLoadAttributes (748ms)
				ProcessInitializeOnLoadMethodAttributes (36ms)
				AfterProcessingInitializeOnLoad (1ms)
				EditorAssembliesLoaded (0ms)
			ExecutionOrderSort2 (0ms)
			AwakeInstancesAfterBackupRestoration (38ms)
Platform modules already initialized, skipping
Refreshing native plugins compatible for Editor in 0.55 ms, found 3 plugins.
Preloading 0 native plugins for Editor in 0.00 ms.
Unloading 2922 Unused Serialized files (Serialized files now loaded: 0)
System memory in use before: 262.2 MB.
System memory in use after: 262.4 MB.

Unloading 17 unused Assets to reduce memory usage. Loaded Objects now: 3462.
Total: 2.719375 ms (FindLiveObjects: 0.110542 ms CreateObjectMapping: 0.059417 ms MarkObjects: 2.521666 ms  DeleteObjects: 0.026708 ms)

AssetImportParameters requested are different than current active one (requested -> active):
  custom:video-decoder-ogg-theora: a1e56fd34408186e4bbccfd4996cb3dc -> 
  custom:container-muxer-webm: aa71ff27fc2769a1b78a27578f13a17b -> 
  custom:container-demuxer-webm: 4f35f7cbe854078d1ac9338744f61a02 -> 
  custom:container-demuxer-ogg: 62fdf1f143b41e24485cea50d1cbac27 -> 
  custom:video-encoder-webm-vp8: eb34c28f22e8b96e1ab97ce403110664 -> 
  custom:framework-osx-AVFoundation: e770b220cccbd017edd2c1fefb359320 -> 
  custom:video-decoder-webm-vp8: 9c59270c3fd7afecdb556c50c9e8de78 -> 
  custom:audio-decoder-ogg-vorbis: bf7c407c2cedff20999df2af8eb42d56 -> 
  custom:audio-encoder-webm-vorbis: bf7c407c2cedff20999df2af8eb42d56 -> 
========================================================================
Received Prepare
Registering precompiled user dll's ...
Registered in 0.002766 seconds.
Begin MonoManager ReloadAssembly
Native extension for OSXStandalone target not found
Native extension for WebGL target not found
Refreshing native plugins compatible for Editor in 0.55 ms, found 3 plugins.
Preloading 0 native plugins for Editor in 0.00 ms.
2022-09-12 14:59:25.761 Unity[1855:57790] NSEventModifierFlagFunction specified to -setKeyEquivalentModifierMask: for item <NSMenuItem: 0x600003fbd0a0 Font Asset, ke='Command-F12'>, but is only supported for system-provided menu items; will not be used
Mono: successfully reloaded assembly
- Completed reload, in  2.349 seconds
Domain Reload Profiling:
	ReloadAssembly (2350ms)
		BeginReloadAssembly (213ms)
			ExecutionOrderSort (0ms)
			DisableScriptedObjects (39ms)
			BackupInstance (0ms)
			ReleaseScriptingObjects (0ms)
			CreateAndSetChildDomain (68ms)
		EndReloadAssembly (2045ms)
			LoadAssemblies (223ms)
			RebuildTransferFunctionScriptingTraits (0ms)
			SetupTypeCache (371ms)
			ReleaseScriptCaches (1ms)
			RebuildScriptCaches (54ms)
			SetupLoadedEditorAssemblies (1062ms)
				LogAssemblyErrors (0ms)
				InitializePlatformSupportModulesInManaged (16ms)
				SetLoadedEditorAssemblies (2ms)
				RefreshPlugins (1ms)
				BeforeProcessingInitializeOnLoad (244ms)
				ProcessInitializeOnLoadAttributes (766ms)
				ProcessInitializeOnLoadMethodAttributes (33ms)
				AfterProcessingInitializeOnLoad (1ms)
				EditorAssembliesLoaded (0ms)
			ExecutionOrderSort2 (0ms)
			AwakeInstancesAfterBackupRestoration (36ms)
Platform modules already initialized, skipping
Refreshing native plugins compatible for Editor in 0.47 ms, found 3 plugins.
Preloading 0 native plugins for Editor in 0.00 ms.
Unloading 2921 Unused Serialized files (Serialized files now loaded: 0)
System memory in use before: 262.3 MB.
System memory in use after: 262.6 MB.

Unloading 18 unused Assets to reduce memory usage. Loaded Objects now: 3463.
Total: 2.403708 ms (FindLiveObjects: 0.117875 ms CreateObjectMapping: 0.063042 ms MarkObjects: 2.194250 ms  DeleteObjects: 0.026875 ms)

AssetImportParameters requested are different than current active one (requested -> active):
  custom:video-decoder-ogg-theora: a1e56fd34408186e4bbccfd4996cb3dc -> 
  custom:container-muxer-webm: aa71ff27fc2769a1b78a27578f13a17b -> 
  custom:container-demuxer-webm: 4f35f7cbe854078d1ac9338744f61a02 -> 
  custom:container-demuxer-ogg: 62fdf1f143b41e24485cea50d1cbac27 -> 
  custom:video-encoder-webm-vp8: eb34c28f22e8b96e1ab97ce403110664 -> 
  custom:framework-osx-AVFoundation: e770b220cccbd017edd2c1fefb359320 -> 
  custom:video-decoder-webm-vp8: 9c59270c3fd7afecdb556c50c9e8de78 -> 
  custom:audio-decoder-ogg-vorbis: bf7c407c2cedff20999df2af8eb42d56 -> 
  custom:audio-encoder-webm-vorbis: bf7c407c2cedff20999df2af8eb42d56 -> 
========================================================================
Received Import Request.
  Time since last request: 41.935527 seconds.
  path: Assets/script/DontDestroyAudio.cs
  artifactKey: Guid(5bee8363b217c47ce8b761978bfcdb48) Importer(815301076,1909f56bfc062723c751e8b465ee728b)
Start importing Assets/script/DontDestroyAudio.cs using Guid(5bee8363b217c47ce8b761978bfcdb48) Importer(815301076,1909f56bfc062723c751e8b465ee728b)  -> (artifact id: '1ff1689e0f745397ade64b86c796e92b') in 0.007033 seconds 
  Import took 0.010805 seconds .

========================================================================
Received Prepare
Registering precompiled user dll's ...
Registered in 0.002910 seconds.
Begin MonoManager ReloadAssembly
Native extension for OSXStandalone target not found
Native extension for WebGL target not found
Refreshing native plugins compatible for Editor in 0.52 ms, found 3 plugins.
Preloading 0 native plugins for Editor in 0.00 ms.
2022-09-12 14:59:53.695 Unity[1855:57790] NSEventModifierFlagFunction specified to -setKeyEquivalentModifierMask: for item <NSMenuItem: 0x600003fcd180 Font Asset, ke='Command-F12'>, but is only supported for system-provided menu items; will not be used
Mono: successfully reloaded assembly
- Completed reload, in  2.361 seconds
Domain Reload Profiling:
	ReloadAssembly (2361ms)
		BeginReloadAssembly (225ms)
			ExecutionOrderSort (0ms)
			DisableScriptedObjects (44ms)
			BackupInstance (0ms)
			ReleaseScriptingObjects (0ms)
			CreateAndSetChildDomain (67ms)
		EndReloadAssembly (2042ms)
			LoadAssemblies (198ms)
			RebuildTransferFunctionScriptingTraits (0ms)
			SetupTypeCache (370ms)
			ReleaseScriptCaches (1ms)
			RebuildScriptCaches (54ms)
			SetupLoadedEditorAssemblies (1090ms)
				LogAssemblyErrors (0ms)
				InitializePlatformSupportModulesInManaged (15ms)
				SetLoadedEditorAssemblies (1ms)
				RefreshPlugins (1ms)
				BeforeProcessingInitializeOnLoad (253ms)
				ProcessInitializeOnLoadAttributes (782ms)
				ProcessInitializeOnLoadMethodAttributes (38ms)
				AfterProcessingInitializeOnLoad (1ms)
				EditorAssembliesLoaded (0ms)
			ExecutionOrderSort2 (0ms)
			AwakeInstancesAfterBackupRestoration (38ms)
Platform modules already initialized, skipping
Refreshing native plugins compatible for Editor in 0.43 ms, found 3 plugins.
Preloading 0 native plugins for Editor in 0.00 ms.
Unloading 2922 Unused Serialized files (Serialized files now loaded: 0)
System memory in use before: 262.6 MB.
System memory in use after: 262.8 MB.

Unloading 17 unused Assets to reduce memory usage. Loaded Objects now: 3466.
Total: 2.461041 ms (FindLiveObjects: 0.127917 ms CreateObjectMapping: 0.061875 ms MarkObjects: 2.250625 ms  DeleteObjects: 0.019167 ms)

AssetImportParameters requested are different than current active one (requested -> active):
  custom:video-decoder-ogg-theora: a1e56fd34408186e4bbccfd4996cb3dc -> 
  custom:container-muxer-webm: aa71ff27fc2769a1b78a27578f13a17b -> 
  custom:container-demuxer-webm: 4f35f7cbe854078d1ac9338744f61a02 -> 
  custom:container-demuxer-ogg: 62fdf1f143b41e24485cea50d1cbac27 -> 
  custom:video-encoder-webm-vp8: eb34c28f22e8b96e1ab97ce403110664 -> 
  custom:framework-osx-AVFoundation: e770b220cccbd017edd2c1fefb359320 -> 
  custom:video-decoder-webm-vp8: 9c59270c3fd7afecdb556c50c9e8de78 -> 
  custom:audio-decoder-ogg-vorbis: bf7c407c2cedff20999df2af8eb42d56 -> 
  custom:audio-encoder-webm-vorbis: bf7c407c2cedff20999df2af8eb42d56 -> 
========================================================================
Received Prepare
Registering precompiled user dll's ...
Registered in 0.003042 seconds.
Begin MonoManager ReloadAssembly
Native extension for OSXStandalone target not found
Native extension for WebGL target not found
Refreshing native plugins compatible for Editor in 0.51 ms, found 3 plugins.
Preloading 0 native plugins for Editor in 0.00 ms.
2022-09-12 15:01:29.341 Unity[1855:57790] NSEventModifierFlagFunction specified to -setKeyEquivalentModifierMask: for item <NSMenuItem: 0x600003fce760 Font Asset, ke='Command-F12'>, but is only supported for system-provided menu items; will not be used
Mono: successfully reloaded assembly
- Completed reload, in  2.407 seconds
Domain Reload Profiling:
	ReloadAssembly (2407ms)
		BeginReloadAssembly (218ms)
			ExecutionOrderSort (0ms)
			DisableScriptedObjects (38ms)
			BackupInstance (0ms)
			ReleaseScriptingObjects (0ms)
			CreateAndSetChildDomain (67ms)
		EndReloadAssembly (2096ms)
			LoadAssemblies (194ms)
			RebuildTransferFunctionScriptingTraits (0ms)
			SetupTypeCache (373ms)
			ReleaseScriptCaches (1ms)
			RebuildScriptCaches (54ms)
			SetupLoadedEditorAssemblies (1137ms)
				LogAssemblyErrors (0ms)
				InitializePlatformSupportModulesInManaged (16ms)
				SetLoadedEditorAssemblies (2ms)
				RefreshPlugins (1ms)
				BeforeProcessingInitializeOnLoad (252ms)
				ProcessInitializeOnLoadAttributes (831ms)
				ProcessInitializeOnLoadMethodAttributes (34ms)
				AfterProcessingInitializeOnLoad (1ms)
				EditorAssembliesLoaded (0ms)
			ExecutionOrderSort2 (0ms)
			AwakeInstancesAfterBackupRestoration (46ms)
Platform modules already initialized, skipping
Refreshing native plugins compatible for Editor in 0.41 ms, found 3 plugins.
Preloading 0 native plugins for Editor in 0.00 ms.
Unloading 2922 Unused Serialized files (Serialized files now loaded: 0)
System memory in use before: 262.8 MB.
System memory in use after: 263.0 MB.

Unloading 17 unused Assets to reduce memory usage. Loaded Objects now: 3468.
Total: 2.469375 ms (FindLiveObjects: 0.113292 ms CreateObjectMapping: 0.059166 ms MarkObjects: 2.274584 ms  DeleteObjects: 0.020667 ms)

AssetImportParameters requested are different than current active one (requested -> active):
  custom:video-decoder-ogg-theora: a1e56fd34408186e4bbccfd4996cb3dc -> 
  custom:container-muxer-webm: aa71ff27fc2769a1b78a27578f13a17b -> 
  custom:container-demuxer-webm: 4f35f7cbe854078d1ac9338744f61a02 -> 
  custom:container-demuxer-ogg: 62fdf1f143b41e24485cea50d1cbac27 -> 
  custom:video-encoder-webm-vp8: eb34c28f22e8b96e1ab97ce403110664 -> 
  custom:framework-osx-AVFoundation: e770b220cccbd017edd2c1fefb359320 -> 
  custom:video-decoder-webm-vp8: 9c59270c3fd7afecdb556c50c9e8de78 -> 
  custom:audio-decoder-ogg-vorbis: bf7c407c2cedff20999df2af8eb42d56 -> 
  custom:audio-encoder-webm-vorbis: bf7c407c2cedff20999df2af8eb42d56 -> 
========================================================================
Received Prepare
Registering precompiled user dll's ...
Registered in 0.001507 seconds.
Begin MonoManager ReloadAssembly
Native extension for OSXStandalone target not found
Native extension for WebGL target not found
Refreshing native plugins compatible for Editor in 0.53 ms, found 3 plugins.
Preloading 0 native plugins for Editor in 0.00 ms.
2022-09-12 15:03:29.273 Unity[1855:57790] NSEventModifierFlagFunction specified to -setKeyEquivalentModifierMask: for item <NSMenuItem: 0x600003fcd260 Font Asset, ke='Command-F12'>, but is only supported for system-provided menu items; will not be used
Mono: successfully reloaded assembly
- Completed reload, in  2.269 seconds
Domain Reload Profiling:
	ReloadAssembly (2269ms)
		BeginReloadAssembly (211ms)
			ExecutionOrderSort (0ms)
			DisableScriptedObjects (38ms)
			BackupInstance (0ms)
			ReleaseScriptingObjects (0ms)
			CreateAndSetChildDomain (66ms)
		EndReloadAssembly (1970ms)
			LoadAssemblies (186ms)
			RebuildTransferFunctionScriptingTraits (0ms)
			SetupTypeCache (355ms)
			ReleaseScriptCaches (1ms)
			RebuildScriptCaches (50ms)
			SetupLoadedEditorAssemblies (1052ms)
				LogAssemblyErrors (0ms)
				InitializePlatformSupportModulesInManaged (16ms)
				SetLoadedEditorAssemblies (2ms)
				RefreshPlugins (1ms)
				BeforeProcessingInitializeOnLoad (244ms)
				ProcessInitializeOnLoadAttributes (755ms)
				ProcessInitializeOnLoadMethodAttributes (34ms)
				AfterProcessingInitializeOnLoad (1ms)
				EditorAssembliesLoaded (0ms)
			ExecutionOrderSort2 (0ms)
			AwakeInstancesAfterBackupRestoration (37ms)
Platform modules already initialized, skipping
Refreshing native plugins compatible for Editor in 0.52 ms, found 3 plugins.
Preloading 0 native plugins for Editor in 0.00 ms.
Unloading 2922 Unused Serialized files (Serialized files now loaded: 0)
System memory in use before: 263.0 MB.
System memory in use after: 263.2 MB.

Unloading 17 unused Assets to reduce memory usage. Loaded Objects now: 3470.
Total: 2.473041 ms (FindLiveObjects: 0.119375 ms CreateObjectMapping: 0.059708 ms MarkObjects: 2.277333 ms  DeleteObjects: 0.015750 ms)

AssetImportParameters requested are different than current active one (requested -> active):
  custom:video-decoder-ogg-theora: a1e56fd34408186e4bbccfd4996cb3dc -> 
  custom:container-muxer-webm: aa71ff27fc2769a1b78a27578f13a17b -> 
  custom:container-demuxer-webm: 4f35f7cbe854078d1ac9338744f61a02 -> 
  custom:container-demuxer-ogg: 62fdf1f143b41e24485cea50d1cbac27 -> 
  custom:video-encoder-webm-vp8: eb34c28f22e8b96e1ab97ce403110664 -> 
  custom:framework-osx-AVFoundation: e770b220cccbd017edd2c1fefb359320 -> 
  custom:video-decoder-webm-vp8: 9c59270c3fd7afecdb556c50c9e8de78 -> 
  custom:audio-decoder-ogg-vorbis: bf7c407c2cedff20999df2af8eb42d56 -> 
  custom:audio-encoder-webm-vorbis: bf7c407c2cedff20999df2af8eb42d56 -> 
========================================================================
Received Import Request.
  Time since last request: 224.181246 seconds.
  path: Assets/Scenes/manu.unity
  artifactKey: Guid(920fafe3dae874e39bf0802d2e57aad2) Importer(815301076,1909f56bfc062723c751e8b465ee728b)
Start importing Assets/Scenes/manu.unity using Guid(920fafe3dae874e39bf0802d2e57aad2) Importer(815301076,1909f56bfc062723c751e8b465ee728b)  -> (artifact id: '659289052e1eb01cdd18d6daba83b27d') in 0.019597 seconds 
  Import took 0.022937 seconds .

========================================================================
Received Import Request.
  Time since last request: 0.000324 seconds.
  path: Assets/Scenes/start.unity
  artifactKey: Guid(75cad0b598c844876b68f58495486444) Importer(815301076,1909f56bfc062723c751e8b465ee728b)
Start importing Assets/Scenes/start.unity using Guid(75cad0b598c844876b68f58495486444) Importer(815301076,1909f56bfc062723c751e8b465ee728b)  -> (artifact id: 'a66ce59e7248185059bf03ebcd38eb3c') in 0.001726 seconds 
  Import took 0.004529 seconds .

========================================================================
Received Import Request.
  Time since last request: 92.395315 seconds.
  path: Assets/Scenes/scene.unity
  artifactKey: Guid(2cda990e2423bbf4892e6590ba056729) Importer(815301076,1909f56bfc062723c751e8b465ee728b)
Start importing Assets/Scenes/scene.unity using Guid(2cda990e2423bbf4892e6590ba056729) Importer(815301076,1909f56bfc062723c751e8b465ee728b)  -> (artifact id: '3f528c999d77fac45ca804772ffa2dbe') in 0.003024 seconds 
  Import took 0.009511 seconds .

========================================================================
Received Prepare
Registering precompiled user dll's ...
Registered in 0.001566 seconds.
Begin MonoManager ReloadAssembly
Native extension for OSXStandalone target not found
Native extension for WebGL target not found
Refreshing native plugins compatible for Editor in 0.57 ms, found 3 plugins.
Preloading 0 native plugins for Editor in 0.00 ms.
2022-09-12 15:08:34.436 Unity[1855:57790] NSEventModifierFlagFunction specified to -setKeyEquivalentModifierMask: for item <NSMenuItem: 0x600003fe7a30 Font Asset, ke='Command-F12'>, but is only supported for system-provided menu items; will not be used
Mono: successfully reloaded assembly
- Completed reload, in  2.480 seconds
Domain Reload Profiling:
	ReloadAssembly (2481ms)
		BeginReloadAssembly (219ms)
			ExecutionOrderSort (0ms)
			DisableScriptedObjects (39ms)
			BackupInstance (0ms)
			ReleaseScriptingObjects (0ms)
			CreateAndSetChildDomain (68ms)
		EndReloadAssembly (2166ms)
			LoadAssemblies (200ms)
			RebuildTransferFunctionScriptingTraits (0ms)
			SetupTypeCache (380ms)
			ReleaseScriptCaches (1ms)
			RebuildScriptCaches (54ms)
			SetupLoadedEditorAssemblies (1177ms)
				LogAssemblyErrors (0ms)
				InitializePlatformSupportModulesInManaged (17ms)
				SetLoadedEditorAssemblies (2ms)
				RefreshPlugins (1ms)
				BeforeProcessingInitializeOnLoad (254ms)
				ProcessInitializeOnLoadAttributes (860ms)
				ProcessInitializeOnLoadMethodAttributes (42ms)
				AfterProcessingInitializeOnLoad (1ms)
				EditorAssembliesLoaded (0ms)
			ExecutionOrderSort2 (0ms)
			AwakeInstancesAfterBackupRestoration (44ms)
Platform modules already initialized, skipping
Refreshing native plugins compatible for Editor in 0.62 ms, found 3 plugins.
Preloading 0 native plugins for Editor in 0.00 ms.
Unloading 2922 Unused Serialized files (Serialized files now loaded: 0)
System memory in use before: 263.2 MB.
System memory in use after: 263.5 MB.

Unloading 17 unused Assets to reduce memory usage. Loaded Objects now: 3472.
Total: 2.488625 ms (FindLiveObjects: 0.151125 ms CreateObjectMapping: 0.066333 ms MarkObjects: 2.253708 ms  DeleteObjects: 0.016458 ms)

AssetImportParameters requested are different than current active one (requested -> active):
  custom:video-decoder-ogg-theora: a1e56fd34408186e4bbccfd4996cb3dc -> 
  custom:container-muxer-webm: aa71ff27fc2769a1b78a27578f13a17b -> 
  custom:container-demuxer-webm: 4f35f7cbe854078d1ac9338744f61a02 -> 
  custom:container-demuxer-ogg: 62fdf1f143b41e24485cea50d1cbac27 -> 
  custom:video-encoder-webm-vp8: eb34c28f22e8b96e1ab97ce403110664 -> 
  custom:framework-osx-AVFoundation: e770b220cccbd017edd2c1fefb359320 -> 
  custom:video-decoder-webm-vp8: 9c59270c3fd7afecdb556c50c9e8de78 -> 
  custom:audio-decoder-ogg-vorbis: bf7c407c2cedff20999df2af8eb42d56 -> 
  custom:audio-encoder-webm-vorbis: bf7c407c2cedff20999df2af8eb42d56 -> 
========================================================================
Received Prepare
Registering precompiled user dll's ...
Registered in 0.001504 seconds.
Begin MonoManager ReloadAssembly
Native extension for OSXStandalone target not found
Native extension for WebGL target not found
Refreshing native plugins compatible for Editor in 0.53 ms, found 3 plugins.
Preloading 0 native plugins for Editor in 0.00 ms.
2022-09-12 15:12:40.107 Unity[1855:57790] NSEventModifierFlagFunction specified to -setKeyEquivalentModifierMask: for item <NSMenuItem: 0x600003fe58f0 Font Asset, ke='Command-F12'>, but is only supported for system-provided menu items; will not be used
Mono: successfully reloaded assembly
- Completed reload, in  2.349 seconds
Domain Reload Profiling:
	ReloadAssembly (2350ms)
		BeginReloadAssembly (218ms)
			ExecutionOrderSort (0ms)
			DisableScriptedObjects (38ms)
			BackupInstance (0ms)
			ReleaseScriptingObjects (0ms)
			CreateAndSetChildDomain (68ms)
		EndReloadAssembly (2039ms)
			LoadAssemblies (187ms)
			RebuildTransferFunctionScriptingTraits (0ms)
			SetupTypeCache (360ms)
			ReleaseScriptCaches (1ms)
			RebuildScriptCaches (53ms)
			SetupLoadedEditorAssemblies (1098ms)
				LogAssemblyErrors (0ms)
				InitializePlatformSupportModulesInManaged (16ms)
				SetLoadedEditorAssemblies (2ms)
				RefreshPlugins (1ms)
				BeforeProcessingInitializeOnLoad (241ms)
				ProcessInitializeOnLoadAttributes (802ms)
				ProcessInitializeOnLoadMethodAttributes (36ms)
				AfterProcessingInitializeOnLoad (1ms)
				EditorAssembliesLoaded (0ms)
			ExecutionOrderSort2 (0ms)
			AwakeInstancesAfterBackupRestoration (41ms)
Platform modules already initialized, skipping
Refreshing native plugins compatible for Editor in 0.42 ms, found 3 plugins.
Preloading 0 native plugins for Editor in 0.00 ms.
Unloading 2922 Unused Serialized files (Serialized files now loaded: 0)
System memory in use before: 263.4 MB.
System memory in use after: 263.7 MB.

Unloading 17 unused Assets to reduce memory usage. Loaded Objects now: 3474.
Total: 2.425667 ms (FindLiveObjects: 0.138000 ms CreateObjectMapping: 0.065791 ms MarkObjects: 2.201875 ms  DeleteObjects: 0.019167 ms)

AssetImportParameters requested are different than current active one (requested -> active):
  custom:video-decoder-ogg-theora: a1e56fd34408186e4bbccfd4996cb3dc -> 
  custom:container-muxer-webm: aa71ff27fc2769a1b78a27578f13a17b -> 
  custom:container-demuxer-webm: 4f35f7cbe854078d1ac9338744f61a02 -> 
  custom:container-demuxer-ogg: 62fdf1f143b41e24485cea50d1cbac27 -> 
  custom:video-encoder-webm-vp8: eb34c28f22e8b96e1ab97ce403110664 -> 
  custom:framework-osx-AVFoundation: e770b220cccbd017edd2c1fefb359320 -> 
  custom:video-decoder-webm-vp8: 9c59270c3fd7afecdb556c50c9e8de78 -> 
  custom:audio-decoder-ogg-vorbis: bf7c407c2cedff20999df2af8eb42d56 -> 
  custom:audio-encoder-webm-vorbis: bf7c407c2cedff20999df2af8eb42d56 -> 
========================================================================
Received Prepare
Registering precompiled user dll's ...
Registered in 0.001504 seconds.
Begin MonoManager ReloadAssembly
Native extension for OSXStandalone target not found
Native extension for WebGL target not found
Refreshing native plugins compatible for Editor in 0.53 ms, found 3 plugins.
Preloading 0 native plugins for Editor in 0.00 ms.
2022-09-12 15:13:23.025 Unity[1855:57790] NSEventModifierFlagFunction specified to -setKeyEquivalentModifierMask: for item <NSMenuItem: 0x600003fe4460 Font Asset, ke='Command-F12'>, but is only supported for system-provided menu items; will not be used
Mono: successfully reloaded assembly
- Completed reload, in  2.330 seconds
Domain Reload Profiling:
	ReloadAssembly (2331ms)
		BeginReloadAssembly (214ms)
			ExecutionOrderSort (0ms)
			DisableScriptedObjects (38ms)
			BackupInstance (0ms)
			ReleaseScriptingObjects (0ms)
			CreateAndSetChildDomain (67ms)
		EndReloadAssembly (2028ms)
			LoadAssemblies (186ms)
			RebuildTransferFunctionScriptingTraits (0ms)
			SetupTypeCache (357ms)
			ReleaseScriptCaches (1ms)
			RebuildScriptCaches (51ms)
			SetupLoadedEditorAssemblies (1106ms)
				LogAssemblyErrors (0ms)
				InitializePlatformSupportModulesInManaged (15ms)
				SetLoadedEditorAssemblies (1ms)
				RefreshPlugins (1ms)
				BeforeProcessingInitializeOnLoad (241ms)
				ProcessInitializeOnLoadAttributes (807ms)
				ProcessInitializeOnLoadMethodAttributes (39ms)
				AfterProcessingInitializeOnLoad (1ms)
				EditorAssembliesLoaded (0ms)
			ExecutionOrderSort2 (0ms)
			AwakeInstancesAfterBackupRestoration (39ms)
Platform modules already initialized, skipping
Refreshing native plugins compatible for Editor in 0.59 ms, found 3 plugins.
Preloading 0 native plugins for Editor in 0.00 ms.
Unloading 2922 Unused Serialized files (Serialized files now loaded: 0)
System memory in use before: 263.6 MB.
System memory in use after: 263.9 MB.

Unloading 17 unused Assets to reduce memory usage. Loaded Objects now: 3476.
Total: 2.279333 ms (FindLiveObjects: 0.115666 ms CreateObjectMapping: 0.058042 ms MarkObjects: 2.085958 ms  DeleteObjects: 0.018958 ms)

AssetImportParameters requested are different than current active one (requested -> active):
  custom:video-decoder-ogg-theora: a1e56fd34408186e4bbccfd4996cb3dc -> 
  custom:container-muxer-webm: aa71ff27fc2769a1b78a27578f13a17b -> 
  custom:container-demuxer-webm: 4f35f7cbe854078d1ac9338744f61a02 -> 
  custom:container-demuxer-ogg: 62fdf1f143b41e24485cea50d1cbac27 -> 
  custom:video-encoder-webm-vp8: eb34c28f22e8b96e1ab97ce403110664 -> 
  custom:framework-osx-AVFoundation: e770b220cccbd017edd2c1fefb359320 -> 
  custom:video-decoder-webm-vp8: 9c59270c3fd7afecdb556c50c9e8de78 -> 
  custom:audio-decoder-ogg-vorbis: bf7c407c2cedff20999df2af8eb42d56 -> 
  custom:audio-encoder-webm-vorbis: bf7c407c2cedff20999df2af8eb42d56 -> 
========================================================================
Received Prepare
Registering precompiled user dll's ...
Registered in 0.001468 seconds.
Begin MonoManager ReloadAssembly
Native extension for OSXStandalone target not found
Native extension for WebGL target not found
Refreshing native plugins compatible for Editor in 0.53 ms, found 3 plugins.
Preloading 0 native plugins for Editor in 0.00 ms.
2022-09-12 15:15:04.656 Unity[1855:57790] NSEventModifierFlagFunction specified to -setKeyEquivalentModifierMask: for item <NSMenuItem: 0x600003f80ee0 Font Asset, ke='Command-F12'>, but is only supported for system-provided menu items; will not be used
Mono: successfully reloaded assembly
- Completed reload, in  2.329 seconds
Domain Reload Profiling:
	ReloadAssembly (2330ms)
		BeginReloadAssembly (212ms)
			ExecutionOrderSort (0ms)
			DisableScriptedObjects (36ms)
			BackupInstance (0ms)
			ReleaseScriptingObjects (0ms)
			CreateAndSetChildDomain (68ms)
		EndReloadAssembly (2032ms)
			LoadAssemblies (206ms)
			RebuildTransferFunctionScriptingTraits (0ms)
			SetupTypeCache (351ms)
			ReleaseScriptCaches (1ms)
			RebuildScriptCaches (50ms)
			SetupLoadedEditorAssemblies (1096ms)
				LogAssemblyErrors (0ms)
				InitializePlatformSupportModulesInManaged (16ms)
				SetLoadedEditorAssemblies (2ms)
				RefreshPlugins (1ms)
				BeforeProcessingInitializeOnLoad (252ms)
				ProcessInitializeOnLoadAttributes (789ms)
				ProcessInitializeOnLoadMethodAttributes (36ms)
				AfterProcessingInitializeOnLoad (1ms)
				EditorAssembliesLoaded (0ms)
			ExecutionOrderSort2 (0ms)
			AwakeInstancesAfterBackupRestoration (39ms)
Platform modules already initialized, skipping
Refreshing native plugins compatible for Editor in 0.40 ms, found 3 plugins.
Preloading 0 native plugins for Editor in 0.00 ms.
Unloading 2922 Unused Serialized files (Serialized files now loaded: 0)
System memory in use before: 263.8 MB.
System memory in use after: 264.1 MB.

Unloading 17 unused Assets to reduce memory usage. Loaded Objects now: 3478.
Total: 2.417042 ms (FindLiveObjects: 0.115750 ms CreateObjectMapping: 0.060334 ms MarkObjects: 2.222458 ms  DeleteObjects: 0.017750 ms)

AssetImportParameters requested are different than current active one (requested -> active):
  custom:video-decoder-ogg-theora: a1e56fd34408186e4bbccfd4996cb3dc -> 
  custom:container-muxer-webm: aa71ff27fc2769a1b78a27578f13a17b -> 
  custom:container-demuxer-webm: 4f35f7cbe854078d1ac9338744f61a02 -> 
  custom:container-demuxer-ogg: 62fdf1f143b41e24485cea50d1cbac27 -> 
  custom:video-encoder-webm-vp8: eb34c28f22e8b96e1ab97ce403110664 -> 
  custom:framework-osx-AVFoundation: e770b220cccbd017edd2c1fefb359320 -> 
  custom:video-decoder-webm-vp8: 9c59270c3fd7afecdb556c50c9e8de78 -> 
  custom:audio-decoder-ogg-vorbis: bf7c407c2cedff20999df2af8eb42d56 -> 
  custom:audio-encoder-webm-vorbis: bf7c407c2cedff20999df2af8eb42d56 -> 
========================================================================
Received Import Request.
  Time since last request: 602.980123 seconds.
  path: Assets/Scenes/door.unity
  artifactKey: Guid(858fe1e123b204bb3800bf5b9e1b08ff) Importer(815301076,1909f56bfc062723c751e8b465ee728b)
Start importing Assets/Scenes/door.unity using Guid(858fe1e123b204bb3800bf5b9e1b08ff) Importer(815301076,1909f56bfc062723c751e8b465ee728b)  -> (artifact id: '0d6f0dd1a256d07a6b5d8a75ab2d3c07') in 0.018771 seconds 
  Import took 0.022154 seconds .

========================================================================
Received Prepare
Registering precompiled user dll's ...
Registered in 0.001364 seconds.
Begin MonoManager ReloadAssembly
Native extension for OSXStandalone target not found
Native extension for WebGL target not found
Refreshing native plugins compatible for Editor in 0.51 ms, found 3 plugins.
Preloading 0 native plugins for Editor in 0.00 ms.
2022-09-12 15:15:39.109 Unity[1855:57790] NSEventModifierFlagFunction specified to -setKeyEquivalentModifierMask: for item <NSMenuItem: 0x600003fa5dc0 Font Asset, ke='Command-F12'>, but is only supported for system-provided menu items; will not be used
Mono: successfully reloaded assembly
- Completed reload, in  2.293 seconds
Domain Reload Profiling:
	ReloadAssembly (2294ms)
		BeginReloadAssembly (215ms)
			ExecutionOrderSort (0ms)
			DisableScriptedObjects (37ms)
			BackupInstance (0ms)
			ReleaseScriptingObjects (0ms)
			CreateAndSetChildDomain (68ms)
		EndReloadAssembly (1984ms)
			LoadAssemblies (190ms)
			RebuildTransferFunctionScriptingTraits (0ms)
			SetupTypeCache (343ms)
			ReleaseScriptCaches (1ms)
			RebuildScriptCaches (52ms)
			SetupLoadedEditorAssemblies (1066ms)
				LogAssemblyErrors (0ms)
				InitializePlatformSupportModulesInManaged (16ms)
				SetLoadedEditorAssemblies (2ms)
				RefreshPlugins (1ms)
				BeforeProcessingInitializeOnLoad (240ms)
				ProcessInitializeOnLoadAttributes (771ms)
				ProcessInitializeOnLoadMethodAttributes (36ms)
				AfterProcessingInitializeOnLoad (1ms)
				EditorAssembliesLoaded (0ms)
			ExecutionOrderSort2 (0ms)
			AwakeInstancesAfterBackupRestoration (39ms)
Platform modules already initialized, skipping
Refreshing native plugins compatible for Editor in 0.44 ms, found 3 plugins.
Preloading 0 native plugins for Editor in 0.00 ms.
Unloading 2922 Unused Serialized files (Serialized files now loaded: 0)
System memory in use before: 264.1 MB.
System memory in use after: 264.3 MB.

Unloading 17 unused Assets to reduce memory usage. Loaded Objects now: 3480.
Total: 2.244333 ms (FindLiveObjects: 0.123542 ms CreateObjectMapping: 0.058542 ms MarkObjects: 2.046958 ms  DeleteObjects: 0.014583 ms)

AssetImportParameters requested are different than current active one (requested -> active):
  custom:video-decoder-ogg-theora: a1e56fd34408186e4bbccfd4996cb3dc -> 
  custom:container-muxer-webm: aa71ff27fc2769a1b78a27578f13a17b -> 
  custom:container-demuxer-webm: 4f35f7cbe854078d1ac9338744f61a02 -> 
  custom:container-demuxer-ogg: 62fdf1f143b41e24485cea50d1cbac27 -> 
  custom:video-encoder-webm-vp8: eb34c28f22e8b96e1ab97ce403110664 -> 
  custom:framework-osx-AVFoundation: e770b220cccbd017edd2c1fefb359320 -> 
  custom:video-decoder-webm-vp8: 9c59270c3fd7afecdb556c50c9e8de78 -> 
  custom:audio-decoder-ogg-vorbis: bf7c407c2cedff20999df2af8eb42d56 -> 
  custom:audio-encoder-webm-vorbis: bf7c407c2cedff20999df2af8eb42d56 -> 
========================================================================
Received Prepare
Registering precompiled user dll's ...
Registered in 0.001668 seconds.
Begin MonoManager ReloadAssembly
Native extension for OSXStandalone target not found
Native extension for WebGL target not found
Refreshing native plugins compatible for Editor in 0.52 ms, found 3 plugins.
Preloading 0 native plugins for Editor in 0.00 ms.
2022-09-12 15:17:26.320 Unity[1855:57790] NSEventModifierFlagFunction specified to -setKeyEquivalentModifierMask: for item <NSMenuItem: 0x600003fa5ab0 Font Asset, ke='Command-F12'>, but is only supported for system-provided menu items; will not be used
Mono: successfully reloaded assembly
- Completed reload, in  2.452 seconds
Domain Reload Profiling:
	ReloadAssembly (2453ms)
		BeginReloadAssembly (221ms)
			ExecutionOrderSort (0ms)
			DisableScriptedObjects (38ms)
			BackupInstance (0ms)
			ReleaseScriptingObjects (0ms)
			CreateAndSetChildDomain (70ms)
		EndReloadAssembly (2136ms)
			LoadAssemblies (197ms)
			RebuildTransferFunctionScriptingTraits (0ms)
			SetupTypeCache (376ms)
			ReleaseScriptCaches (1ms)
			RebuildScriptCaches (54ms)
			SetupLoadedEditorAssemblies (1168ms)
				LogAssemblyErrors (0ms)
				InitializePlatformSupportModulesInManaged (17ms)
				SetLoadedEditorAssemblies (2ms)
				RefreshPlugins (1ms)
				BeforeProcessingInitializeOnLoad (252ms)
				ProcessInitializeOnLoadAttributes (858ms)
				ProcessInitializeOnLoadMethodAttributes (37ms)
				AfterProcessingInitializeOnLoad (1ms)
				EditorAssembliesLoaded (0ms)
			ExecutionOrderSort2 (0ms)
			AwakeInstancesAfterBackupRestoration (42ms)
Platform modules already initialized, skipping
Refreshing native plugins compatible for Editor in 0.58 ms, found 3 plugins.
Preloading 0 native plugins for Editor in 0.00 ms.
Unloading 2922 Unused Serialized files (Serialized files now loaded: 0)
System memory in use before: 264.3 MB.
System memory in use after: 264.5 MB.

Unloading 17 unused Assets to reduce memory usage. Loaded Objects now: 3482.
Total: 2.253000 ms (FindLiveObjects: 0.128167 ms CreateObjectMapping: 0.057791 ms MarkObjects: 2.050584 ms  DeleteObjects: 0.015625 ms)

AssetImportParameters requested are different than current active one (requested -> active):
  custom:video-decoder-ogg-theora: a1e56fd34408186e4bbccfd4996cb3dc -> 
  custom:container-muxer-webm: aa71ff27fc2769a1b78a27578f13a17b -> 
  custom:container-demuxer-webm: 4f35f7cbe854078d1ac9338744f61a02 -> 
  custom:container-demuxer-ogg: 62fdf1f143b41e24485cea50d1cbac27 -> 
  custom:video-encoder-webm-vp8: eb34c28f22e8b96e1ab97ce403110664 -> 
  custom:framework-osx-AVFoundation: e770b220cccbd017edd2c1fefb359320 -> 
  custom:video-decoder-webm-vp8: 9c59270c3fd7afecdb556c50c9e8de78 -> 
  custom:audio-decoder-ogg-vorbis: bf7c407c2cedff20999df2af8eb42d56 -> 
  custom:audio-encoder-webm-vorbis: bf7c407c2cedff20999df2af8eb42d56 -> 
========================================================================
Received Import Request.
  Time since last request: 240.647117 seconds.
  path: Assets/Scenes/manu.unity
  artifactKey: Guid(920fafe3dae874e39bf0802d2e57aad2) Importer(815301076,1909f56bfc062723c751e8b465ee728b)
Start importing Assets/Scenes/manu.unity using Guid(920fafe3dae874e39bf0802d2e57aad2) Importer(815301076,1909f56bfc062723c751e8b465ee728b)  -> (artifact id: 'e49674cdca56084fd8b519968c4846ef') in 0.019709 seconds 
  Import took 0.023497 seconds .

========================================================================
Received Prepare
Registering precompiled user dll's ...
Registered in 0.001440 seconds.
Begin MonoManager ReloadAssembly
Native extension for OSXStandalone target not found
Native extension for WebGL target not found
Refreshing native plugins compatible for Editor in 0.52 ms, found 3 plugins.
Preloading 0 native plugins for Editor in 0.00 ms.
2022-09-12 15:21:10.887 Unity[1855:57790] NSEventModifierFlagFunction specified to -setKeyEquivalentModifierMask: for item <NSMenuItem: 0x600003fa5dc0 Font Asset, ke='Command-F12'>, but is only supported for system-provided menu items; will not be used
Mono: successfully reloaded assembly
- Completed reload, in  2.386 seconds
Domain Reload Profiling:
	ReloadAssembly (2387ms)
		BeginReloadAssembly (205ms)
			ExecutionOrderSort (0ms)
			DisableScriptedObjects (35ms)
			BackupInstance (0ms)
			ReleaseScriptingObjects (0ms)
			CreateAndSetChildDomain (64ms)
		EndReloadAssembly (2095ms)
			LoadAssemblies (181ms)
			RebuildTransferFunctionScriptingTraits (0ms)
			SetupTypeCache (350ms)
			ReleaseScriptCaches (1ms)
			RebuildScriptCaches (52ms)
			SetupLoadedEditorAssemblies (1166ms)
				LogAssemblyErrors (0ms)
				InitializePlatformSupportModulesInManaged (15ms)
				SetLoadedEditorAssemblies (2ms)
				RefreshPlugins (1ms)
				BeforeProcessingInitializeOnLoad (243ms)
				ProcessInitializeOnLoadAttributes (865ms)
				ProcessInitializeOnLoadMethodAttributes (39ms)
				AfterProcessingInitializeOnLoad (1ms)
				EditorAssembliesLoaded (0ms)
			ExecutionOrderSort2 (0ms)
			AwakeInstancesAfterBackupRestoration (43ms)
Platform modules already initialized, skipping
Refreshing native plugins compatible for Editor in 0.64 ms, found 3 plugins.
Preloading 0 native plugins for Editor in 0.00 ms.
Unloading 2922 Unused Serialized files (Serialized files now loaded: 0)
System memory in use before: 264.5 MB.
System memory in use after: 264.7 MB.

Unloading 17 unused Assets to reduce memory usage. Loaded Objects now: 3484.
Total: 2.280250 ms (FindLiveObjects: 0.123750 ms CreateObjectMapping: 0.057750 ms MarkObjects: 2.077333 ms  DeleteObjects: 0.020542 ms)

AssetImportParameters requested are different than current active one (requested -> active):
  custom:video-decoder-ogg-theora: a1e56fd34408186e4bbccfd4996cb3dc -> 
  custom:container-muxer-webm: aa71ff27fc2769a1b78a27578f13a17b -> 
  custom:container-demuxer-webm: 4f35f7cbe854078d1ac9338744f61a02 -> 
  custom:container-demuxer-ogg: 62fdf1f143b41e24485cea50d1cbac27 -> 
  custom:video-encoder-webm-vp8: eb34c28f22e8b96e1ab97ce403110664 -> 
  custom:framework-osx-AVFoundation: e770b220cccbd017edd2c1fefb359320 -> 
  custom:video-decoder-webm-vp8: 9c59270c3fd7afecdb556c50c9e8de78 -> 
  custom:audio-decoder-ogg-vorbis: bf7c407c2cedff20999df2af8eb42d56 -> 
  custom:audio-encoder-webm-vorbis: bf7c407c2cedff20999df2af8eb42d56 -> 
========================================================================
Received Import Request.
  Time since last request: 164.167408 seconds.
  path: Assets/Scenes/start.unity
  artifactKey: Guid(75cad0b598c844876b68f58495486444) Importer(815301076,1909f56bfc062723c751e8b465ee728b)
Start importing Assets/Scenes/start.unity using Guid(75cad0b598c844876b68f58495486444) Importer(815301076,1909f56bfc062723c751e8b465ee728b)  -> (artifact id: '2c12ec4175ab26090721413114c4a253') in 0.024451 seconds 
  Import took 0.030628 seconds .

========================================================================
Received Prepare
Registering precompiled user dll's ...
Registered in 0.005179 seconds.
Begin MonoManager ReloadAssembly
Native extension for OSXStandalone target not found
Native extension for WebGL target not found
Refreshing native plugins compatible for Editor in 0.54 ms, found 3 plugins.
Preloading 0 native plugins for Editor in 0.00 ms.
2022-09-12 15:28:19.403 Unity[1855:57790] NSEventModifierFlagFunction specified to -setKeyEquivalentModifierMask: for item <NSMenuItem: 0x600003fe6140 Font Asset, ke='Command-F12'>, but is only supported for system-provided menu items; will not be used
Mono: successfully reloaded assembly
- Completed reload, in  2.383 seconds
Domain Reload Profiling:
	ReloadAssembly (2384ms)
		BeginReloadAssembly (217ms)
			ExecutionOrderSort (0ms)
			DisableScriptedObjects (36ms)
			BackupInstance (0ms)
			ReleaseScriptingObjects (0ms)
			CreateAndSetChildDomain (68ms)
		EndReloadAssembly (2077ms)
			LoadAssemblies (210ms)
			RebuildTransferFunctionScriptingTraits (0ms)
			SetupTypeCache (365ms)
			ReleaseScriptCaches (1ms)
			RebuildScriptCaches (54ms)
			SetupLoadedEditorAssemblies (1115ms)
				LogAssemblyErrors (0ms)
				InitializePlatformSupportModulesInManaged (17ms)
				SetLoadedEditorAssemblies (2ms)
				RefreshPlugins (1ms)
				BeforeProcessingInitializeOnLoad (245ms)
				ProcessInitializeOnLoadAttributes (809ms)
				ProcessInitializeOnLoadMethodAttributes (41ms)
				AfterProcessingInitializeOnLoad (1ms)
				EditorAssembliesLoaded (0ms)
			ExecutionOrderSort2 (0ms)
			AwakeInstancesAfterBackupRestoration (40ms)
Platform modules already initialized, skipping
Refreshing native plugins compatible for Editor in 0.50 ms, found 3 plugins.
Preloading 0 native plugins for Editor in 0.00 ms.
Unloading 2922 Unused Serialized files (Serialized files now loaded: 0)
System memory in use before: 265.1 MB.
System memory in use after: 265.3 MB.

Unloading 17 unused Assets to reduce memory usage. Loaded Objects now: 3486.
Total: 2.452833 ms (FindLiveObjects: 0.124917 ms CreateObjectMapping: 0.060458 ms MarkObjects: 2.245167 ms  DeleteObjects: 0.021417 ms)

AssetImportParameters requested are different than current active one (requested -> active):
  custom:video-decoder-ogg-theora: a1e56fd34408186e4bbccfd4996cb3dc -> 
  custom:container-muxer-webm: aa71ff27fc2769a1b78a27578f13a17b -> 
  custom:container-demuxer-webm: 4f35f7cbe854078d1ac9338744f61a02 -> 
  custom:container-demuxer-ogg: 62fdf1f143b41e24485cea50d1cbac27 -> 
  custom:video-encoder-webm-vp8: eb34c28f22e8b96e1ab97ce403110664 -> 
  custom:framework-osx-AVFoundation: e770b220cccbd017edd2c1fefb359320 -> 
  custom:video-decoder-webm-vp8: 9c59270c3fd7afecdb556c50c9e8de78 -> 
  custom:audio-decoder-ogg-vorbis: bf7c407c2cedff20999df2af8eb42d56 -> 
  custom:audio-encoder-webm-vorbis: bf7c407c2cedff20999df2af8eb42d56 -> 
========================================================================
Received Import Request.
  Time since last request: 432.974424 seconds.
  path: Assets/ObjectAssets
  artifactKey: Guid(743af3a80a419486bbe4db8aec8d750f) Importer(815301076,1909f56bfc062723c751e8b465ee728b)
Start importing Assets/ObjectAssets using Guid(743af3a80a419486bbe4db8aec8d750f) Importer(815301076,1909f56bfc062723c751e8b465ee728b)  -> (artifact id: '2d369a5806f14b0fe644db89ca29f5ed') in 0.007580 seconds 
  Import took 0.011263 seconds .

========================================================================
Received Import Request.
  Time since last request: 14.629786 seconds.
  path: Assets/Audio
  artifactKey: Guid(4e266cd51f23f44219265a7f19e0e270) Importer(815301076,1909f56bfc062723c751e8b465ee728b)
Start importing Assets/Audio using Guid(4e266cd51f23f44219265a7f19e0e270) Importer(815301076,1909f56bfc062723c751e8b465ee728b)  -> (artifact id: '00936022b897013a2023571a8f91f83e') in 0.001832 seconds 
  Import took 0.005709 seconds .

========================================================================
Received Import Request.
  Time since last request: 224.789152 seconds.
  path: Assets/Fungus/EditorResources/Icons/Pro/add.png
  artifactKey: Guid(4e43c476b4a7a49a08c37378fb01ce99) Importer(815301076,1909f56bfc062723c751e8b465ee728b)
Start importing Assets/Fungus/EditorResources/Icons/Pro/add.png using Guid(4e43c476b4a7a49a08c37378fb01ce99) Importer(815301076,1909f56bfc062723c751e8b465ee728b)  -> (artifact id: 'ec0c0fe5abf229859bfade927884a022') in 0.550791 seconds 
  Import took 0.557008 seconds .

========================================================================
Received Import Request.
  Time since last request: 0.000247 seconds.
  path: Assets/Fungus/EditorResources/Icons/Pro/add_small.png
  artifactKey: Guid(64534dfaa17844231a9a9dd2df89d0db) Importer(815301076,1909f56bfc062723c751e8b465ee728b)
Start importing Assets/Fungus/EditorResources/Icons/Pro/add_small.png using Guid(64534dfaa17844231a9a9dd2df89d0db) Importer(815301076,1909f56bfc062723c751e8b465ee728b)  -> (artifact id: '85de6bf69bd96cca14c74b07aa38c2e0') in 0.008613 seconds 
  Import took 0.011890 seconds .

========================================================================
Received Import Request.
  Time since last request: 0.000281 seconds.
  path: Assets/Fungus/EditorResources/Textures/bullet_point.png
  artifactKey: Guid(4ef739c68bb234717a60a2bb83ff8602) Importer(815301076,1909f56bfc062723c751e8b465ee728b)
Start importing Assets/Fungus/EditorResources/Textures/bullet_point.png using Guid(4ef739c68bb234717a60a2bb83ff8602) Importer(815301076,1909f56bfc062723c751e8b465ee728b)  -> (artifact id: '3f046520c93ea361779c8197914002fa') in 0.005821 seconds 
  Import took 0.009149 seconds .

========================================================================
Received Import Request.
  Time since last request: 0.000268 seconds.
  path: Assets/Fungus/EditorResources/Icons/add.png
  artifactKey: Guid(24a867d6b4cdda04cb3aa3350f9ec7d0) Importer(815301076,1909f56bfc062723c751e8b465ee728b)
Start importing Assets/Fungus/EditorResources/Icons/add.png using Guid(24a867d6b4cdda04cb3aa3350f9ec7d0) Importer(815301076,1909f56bfc062723c751e8b465ee728b)  -> (artifact id: '6c4d27245e2a1e36764229485ba325b0') in 0.005993 seconds 
  Import took 0.009298 seconds .

========================================================================
Received Import Request.
  Time since last request: 0.000242 seconds.
  path: Assets/Fungus/EditorResources/Icons/add_small.png
  artifactKey: Guid(288aff1a0e5c14fd3a0039d24149df73) Importer(815301076,1909f56bfc062723c751e8b465ee728b)
Start importing Assets/Fungus/EditorResources/Icons/add_small.png using Guid(288aff1a0e5c14fd3a0039d24149df73) Importer(815301076,1909f56bfc062723c751e8b465ee728b)  -> (artifact id: 'daa3a572070041c983126cfa575670d8') in 0.006114 seconds 
  Import took 0.009468 seconds .

========================================================================
Received Import Request.
  Time since last request: 1.506823 seconds.
  path: Assets/Fungus/EditorResources/Textures/choice_node_off.png
  artifactKey: Guid(7b6fc04aac74540e39e9502da5312ce7) Importer(815301076,1909f56bfc062723c751e8b465ee728b)
Start importing Assets/Fungus/EditorResources/Textures/choice_node_off.png using Guid(7b6fc04aac74540e39e9502da5312ce7) Importer(815301076,1909f56bfc062723c751e8b465ee728b)  -> (artifact id: 'eb7029db1178e3d58be50f90d0f5cb7d') in 0.008212 seconds 
  Import took 0.012522 seconds .

========================================================================
Received Import Request.
  Time since last request: 0.000224 seconds.
  path: Assets/Fungus/EditorResources/Textures/choice_node_on.png
  artifactKey: Guid(cfc05494b71a0446182868aab5f7febf) Importer(815301076,1909f56bfc062723c751e8b465ee728b)
Start importing Assets/Fungus/EditorResources/Textures/choice_node_on.png using Guid(cfc05494b71a0446182868aab5f7febf) Importer(815301076,1909f56bfc062723c751e8b465ee728b)  -> (artifact id: 'ea5e46dd8cd5c23a060d142d2be5cd2a') in 0.007307 seconds 
  Import took 0.010806 seconds .

========================================================================
Received Import Request.
  Time since last request: 0.342787 seconds.
  path: Assets/Fungus/EditorResources/Textures/command_background.png
  artifactKey: Guid(a5c9a4271b3de4e4f86eff7f8a1bd768) Importer(815301076,1909f56bfc062723c751e8b465ee728b)
Start importing Assets/Fungus/EditorResources/Textures/command_background.png using Guid(a5c9a4271b3de4e4f86eff7f8a1bd768) Importer(815301076,1909f56bfc062723c751e8b465ee728b)  -> (artifact id: 'cb8229b60f9052678551d50fffaab62b') in 0.008407 seconds 
  Import took 0.013600 seconds .

========================================================================
Received Import Request.
  Time since last request: 0.000307 seconds.
  path: Assets/Fungus/EditorResources/Textures/connection_point.png
  artifactKey: Guid(f08a4c27d7efe4aa6a35348a4e8aec8f) Importer(815301076,1909f56bfc062723c751e8b465ee728b)
Start importing Assets/Fungus/EditorResources/Textures/connection_point.png using Guid(f08a4c27d7efe4aa6a35348a4e8aec8f) Importer(815301076,1909f56bfc062723c751e8b465ee728b)  -> (artifact id: '0af25afdbe6dcb8254f8e8a4334f4630') in 0.007481 seconds 
  Import took 0.011932 seconds .

========================================================================
Received Import Request.
  Time since last request: 0.521159 seconds.
  path: Assets/Fungus/EditorResources/Icons/Pro/delete.png
  artifactKey: Guid(29c4d29b1678042a5b3516c732ccc507) Importer(815301076,1909f56bfc062723c751e8b465ee728b)
Start importing Assets/Fungus/EditorResources/Icons/Pro/delete.png using Guid(29c4d29b1678042a5b3516c732ccc507) Importer(815301076,1909f56bfc062723c751e8b465ee728b)  -> (artifact id: 'da1f39341b1e10fea245daab1c69a9f6') in 0.008039 seconds 
  Import took 0.013793 seconds .

========================================================================
Received Import Request.
  Time since last request: 0.000375 seconds.
  path: Assets/Fungus/EditorResources/Icons/Pro/duplicate.png
  artifactKey: Guid(2f17490d993c84bd7872ef6588ffba47) Importer(815301076,1909f56bfc062723c751e8b465ee728b)
Start importing Assets/Fungus/EditorResources/Icons/Pro/duplicate.png using Guid(2f17490d993c84bd7872ef6588ffba47) Importer(815301076,1909f56bfc062723c751e8b465ee728b)  -> (artifact id: '62f35f6f869a0deb4c363d80681b3089') in 0.007679 seconds 
  Import took 0.011857 seconds .

========================================================================
Received Import Request.
  Time since last request: 0.000259 seconds.
  path: Assets/Fungus/EditorResources/Icons/down.png
  artifactKey: Guid(51a973f446c2e664582861480cce6215) Importer(815301076,1909f56bfc062723c751e8b465ee728b)
Start importing Assets/Fungus/EditorResources/Icons/down.png using Guid(51a973f446c2e664582861480cce6215) Importer(815301076,1909f56bfc062723c751e8b465ee728b)  -> (artifact id: 'c12332f92ebadb8c86da322ab3084f50') in 0.006880 seconds 
  Import took 0.010795 seconds .

========================================================================
Received Import Request.
  Time since last request: 0.000271 seconds.
  path: Assets/Fungus/EditorResources/Icons/duplicate.png
  artifactKey: Guid(c97f334c466215a4f93eff31de3c1591) Importer(815301076,1909f56bfc062723c751e8b465ee728b)
Start importing Assets/Fungus/EditorResources/Icons/duplicate.png using Guid(c97f334c466215a4f93eff31de3c1591) Importer(815301076,1909f56bfc062723c751e8b465ee728b)  -> (artifact id: '006dfe278ce43576ed5270de5d59bd6c') in 0.006571 seconds 
  Import took 0.010215 seconds .

========================================================================
Received Import Request.
  Time since last request: 0.000256 seconds.
  path: Assets/Fungus/Thirdparty/TextMeshPro/Sprites/EmojiOne.png
  artifactKey: Guid(dffef66376be4fa480fb02b19edbe903) Importer(815301076,1909f56bfc062723c751e8b465ee728b)
Start importing Assets/Fungus/Thirdparty/TextMeshPro/Sprites/EmojiOne.png using Guid(dffef66376be4fa480fb02b19edbe903) Importer(815301076,1909f56bfc062723c751e8b465ee728b)  -> (artifact id: '580eb6a694cd584303a6752dfee4babc') in 0.009659 seconds 
  Import took 0.013018 seconds .

========================================================================
Received Import Request.
  Time since last request: 0.000285 seconds.
  path: Assets/Fungus/EditorResources/Icons/Pro/down.png
  artifactKey: Guid(5a87a7d3683164a238377d948572805f) Importer(815301076,1909f56bfc062723c751e8b465ee728b)
Start importing Assets/Fungus/EditorResources/Icons/Pro/down.png using Guid(5a87a7d3683164a238377d948572805f) Importer(815301076,1909f56bfc062723c751e8b465ee728b)  -> (artifact id: 'a075b25167c6615f8229fe15ea8296a5') in 0.006169 seconds 
  Import took 0.009297 seconds .

========================================================================
Received Import Request.
  Time since last request: 0.000246 seconds.
  path: Assets/Fungus/EditorResources/Icons/delete.png
  artifactKey: Guid(d6fc8a97e8a5b0947a49b780f787e504) Importer(815301076,1909f56bfc062723c751e8b465ee728b)
Start importing Assets/Fungus/EditorResources/Icons/delete.png using Guid(d6fc8a97e8a5b0947a49b780f787e504) Importer(815301076,1909f56bfc062723c751e8b465ee728b)  -> (artifact id: '398131b3b326475524cb633ebb78a0ee') in 0.005345 seconds 
  Import took 0.008246 seconds .

========================================================================
Received Import Request.
  Time since last request: 0.000236 seconds.
  path: Assets/Fungus/EditorResources/Textures/event_node_on.png
  artifactKey: Guid(9434488a4efb54da5986eba5d5619baf) Importer(815301076,1909f56bfc062723c751e8b465ee728b)
Start importing Assets/Fungus/EditorResources/Textures/event_node_on.png using Guid(9434488a4efb54da5986eba5d5619baf) Importer(815301076,1909f56bfc062723c751e8b465ee728b)  -> (artifact id: 'a91fcd979bc839f12190c5d64ba3650b') in 0.006238 seconds 
  Import took 0.009096 seconds .

========================================================================
Received Import Request.
  Time since last request: 0.000220 seconds.
  path: Assets/Fungus/EditorResources/Textures/event_node_off.png
  artifactKey: Guid(0e16a209826864df7b05f6d3901aae7a) Importer(815301076,1909f56bfc062723c751e8b465ee728b)
Start importing Assets/Fungus/EditorResources/Textures/event_node_off.png using Guid(0e16a209826864df7b05f6d3901aae7a) Importer(815301076,1909f56bfc062723c751e8b465ee728b)  -> (artifact id: 'c39c7fdfc720fec278d7be6355b0f12f') in 0.005860 seconds 
  Import took 0.008867 seconds .

========================================================================
Received Import Request.
  Time since last request: 4.730422 seconds.
  path: Assets/Fungus/EditorResources/Icons/Pro/fungus_mushroom.png
  artifactKey: Guid(6368c1c16ebb1694091262337e4f8c44) Importer(815301076,1909f56bfc062723c751e8b465ee728b)
Start importing Assets/Fungus/EditorResources/Icons/Pro/fungus_mushroom.png using Guid(6368c1c16ebb1694091262337e4f8c44) Importer(815301076,1909f56bfc062723c751e8b465ee728b)  -> (artifact id: 'f5bc41d40194794674b6a1e63a9fd81c') in 0.007265 seconds 
  Import took 0.011216 seconds .

========================================================================
Received Import Request.
  Time since last request: 0.000294 seconds.
  path: Assets/Fungus/EditorResources/Icons/fungus_mushroom.png
  artifactKey: Guid(1c99c9bf7557e23469ed5dfce00504c0) Importer(815301076,1909f56bfc062723c751e8b465ee728b)
Start importing Assets/Fungus/EditorResources/Icons/fungus_mushroom.png using Guid(1c99c9bf7557e23469ed5dfce00504c0) Importer(815301076,1909f56bfc062723c751e8b465ee728b)  -> (artifact id: '31ed1df874b7b3d1d110f988b2f1ccef') in 0.005299 seconds 
  Import took 0.008577 seconds .

========================================================================
Received Import Request.
  Time since last request: 0.106720 seconds.
  path: Assets/Fungus/Resources/Sprites/HandPointer.png
  artifactKey: Guid(22eb050bacf8c401ca8503e24bff3570) Importer(815301076,1909f56bfc062723c751e8b465ee728b)
Start importing Assets/Fungus/Resources/Sprites/HandPointer.png using Guid(22eb050bacf8c401ca8503e24bff3570) Importer(815301076,1909f56bfc062723c751e8b465ee728b)  -> (artifact id: '0c57bab990d00b6d6814d0b29da95329') in 0.006907 seconds 
  Import took 0.010596 seconds .

========================================================================
Received Import Request.
  Time since last request: 1.065827 seconds.
  path: Assets/Fungus/Resources/Sprites/MousePointer.png
  artifactKey: Guid(502e0c9b755f34db0b90bf78857d8a1c) Importer(815301076,1909f56bfc062723c751e8b465ee728b)
Start importing Assets/Fungus/Resources/Sprites/MousePointer.png using Guid(502e0c9b755f34db0b90bf78857d8a1c) Importer(815301076,1909f56bfc062723c751e8b465ee728b)  -> (artifact id: '6f71126db8e3ecb345bb0dd8a6e147f5') in 0.007661 seconds 
  Import took 0.011970 seconds .

========================================================================
Received Import Request.
  Time since last request: 1.886959 seconds.
  path: Assets/Fungus/EditorResources/Textures/play_big.png
  artifactKey: Guid(bff2ba39f5f4448589e80522ebfcd0a0) Importer(815301076,1909f56bfc062723c751e8b465ee728b)
Start importing Assets/Fungus/EditorResources/Textures/play_big.png using Guid(bff2ba39f5f4448589e80522ebfcd0a0) Importer(815301076,1909f56bfc062723c751e8b465ee728b)  -> (artifact id: 'cb950492ad8cb76e343811fa48a3c5a2') in 0.007697 seconds 
  Import took 0.011345 seconds .

========================================================================
Received Import Request.
  Time since last request: 0.000291 seconds.
  path: Assets/Fungus/EditorResources/Textures/play_small.png
  artifactKey: Guid(a48a2b9b06deb469d9da1777b094521b) Importer(815301076,1909f56bfc062723c751e8b465ee728b)
Start importing Assets/Fungus/EditorResources/Textures/play_small.png using Guid(a48a2b9b06deb469d9da1777b094521b) Importer(815301076,1909f56bfc062723c751e8b465ee728b)  -> (artifact id: '15f0c9c03880717bce0c89fe8f961e44') in 0.006405 seconds 
  Import took 0.009956 seconds .

========================================================================
Received Import Request.
  Time since last request: 0.023440 seconds.
  path: Assets/Fungus/EditorResources/Textures/process_node_off.png
  artifactKey: Guid(ea3a4228e6c214149bfe5c741b56ae0c) Importer(815301076,1909f56bfc062723c751e8b465ee728b)
Start importing Assets/Fungus/EditorResources/Textures/process_node_off.png using Guid(ea3a4228e6c214149bfe5c741b56ae0c) Importer(815301076,1909f56bfc062723c751e8b465ee728b)  -> (artifact id: '58183c205ff93964ea459dbc69a42f48') in 0.006714 seconds 
  Import took 0.010539 seconds .

========================================================================
Received Import Request.
  Time since last request: 0.000232 seconds.
  path: Assets/Fungus/EditorResources/Textures/process_node_on.png
  artifactKey: Guid(c2dceb780784240ccbe8d3cde89f7671) Importer(815301076,1909f56bfc062723c751e8b465ee728b)
Start importing Assets/Fungus/EditorResources/Textures/process_node_on.png using Guid(c2dceb780784240ccbe8d3cde89f7671) Importer(815301076,1909f56bfc062723c751e8b465ee728b)  -> (artifact id: '431da876fce000761766214444fe38d1') in 0.006283 seconds 
  Import took 0.009516 seconds .

========================================================================
Received Import Request.
  Time since last request: 1.160335 seconds.
  path: Assets/Fungus/Textures/ScreenFade.png
  artifactKey: Guid(f6c7b1f3a78a24703b70c746d8b9c768) Importer(815301076,1909f56bfc062723c751e8b465ee728b)
Start importing Assets/Fungus/Textures/ScreenFade.png using Guid(f6c7b1f3a78a24703b70c746d8b9c768) Importer(815301076,1909f56bfc062723c751e8b465ee728b)  -> (artifact id: 'c27d32683d73654a40e11906a28db54e') in 0.011859 seconds 
  Import took 0.017963 seconds .

========================================================================
Received Import Request.
  Time since last request: 2.028355 seconds.
  path: Assets/Fungus/Textures/SwipePanIcon.png
  artifactKey: Guid(41bc737f4dc1b40db872aca00bcd7d4b) Importer(815301076,1909f56bfc062723c751e8b465ee728b)
Start importing Assets/Fungus/Textures/SwipePanIcon.png using Guid(41bc737f4dc1b40db872aca00bcd7d4b) Importer(815301076,1909f56bfc062723c751e8b465ee728b)  -> (artifact id: '7838ac2d9107a398203fd861cf680c94') in 0.008737 seconds 
  Import took 0.013044 seconds .

========================================================================
Received Import Request.
  Time since last request: 1.315535 seconds.
  path: Assets/Fungus/EditorResources/Icons/up.png
  artifactKey: Guid(8f1242ad894201f43b2b6d52fd990f77) Importer(815301076,1909f56bfc062723c751e8b465ee728b)
Start importing Assets/Fungus/EditorResources/Icons/up.png using Guid(8f1242ad894201f43b2b6d52fd990f77) Importer(815301076,1909f56bfc062723c751e8b465ee728b)  -> (artifact id: '9af09d6d721191b8cadc17db3858d7a9') in 0.009058 seconds 
  Import took 0.014010 seconds .

========================================================================
Received Import Request.
  Time since last request: 0.000276 seconds.
  path: Assets/Fungus/EditorResources/Icons/Pro/up.png
  artifactKey: Guid(2a76a781db2994b33b83cd84b8835da7) Importer(815301076,1909f56bfc062723c751e8b465ee728b)
Start importing Assets/Fungus/EditorResources/Icons/Pro/up.png using Guid(2a76a781db2994b33b83cd84b8835da7) Importer(815301076,1909f56bfc062723c751e8b465ee728b)  -> (artifact id: '67c79a9fa405e76cfef1b1fef4bab6fa') in 0.006644 seconds 
  Import took 0.010616 seconds .

========================================================================
Received Import Request.
  Time since last request: 0.022952 seconds.
  path: Assets/FungusExamples/FungusTown/Materials/WhiteSmoke.jpg
  artifactKey: Guid(543d726c08c194e0394254ffeb6c9514) Importer(815301076,1909f56bfc062723c751e8b465ee728b)
Start importing Assets/FungusExamples/FungusTown/Materials/WhiteSmoke.jpg using Guid(543d726c08c194e0394254ffeb6c9514) Importer(815301076,1909f56bfc062723c751e8b465ee728b)  -> (artifact id: '77fad11f6646ae6e8fdd2688c1ef9ad7') in 0.516271 seconds 
  Import took 0.522349 seconds .

========================================================================
Received Prepare
Refreshing native plugins compatible for Editor in 4.30 ms, found 3 plugins.
Preloading 0 native plugins for Editor in 0.00 ms.
Unloading 15 Unused Serialized files (Serialized files now loaded: 0)
System memory in use before: 216.8 MB.
System memory in use after: 217.1 MB.

Unloading 15 unused Assets to reduce memory usage. Loaded Objects now: 3498.
Total: 2.570792 ms (FindLiveObjects: 0.152875 ms CreateObjectMapping: 0.061666 ms MarkObjects: 2.342625 ms  DeleteObjects: 0.012791 ms)

AssetImportParameters requested are different than current active one (requested -> active):
  custom:video-decoder-ogg-theora: a1e56fd34408186e4bbccfd4996cb3dc -> 
  custom:container-muxer-webm: aa71ff27fc2769a1b78a27578f13a17b -> 
  custom:container-demuxer-webm: 4f35f7cbe854078d1ac9338744f61a02 -> 
  custom:container-demuxer-ogg: 62fdf1f143b41e24485cea50d1cbac27 -> 
  custom:video-encoder-webm-vp8: eb34c28f22e8b96e1ab97ce403110664 -> 
  custom:framework-osx-AVFoundation: e770b220cccbd017edd2c1fefb359320 -> 
  custom:video-decoder-webm-vp8: 9c59270c3fd7afecdb556c50c9e8de78 -> 
  custom:audio-decoder-ogg-vorbis: bf7c407c2cedff20999df2af8eb42d56 -> 
  custom:audio-encoder-webm-vorbis: bf7c407c2cedff20999df2af8eb42d56 -> 
